<?xml version="1.0" encoding="UTF-8"?>
<!-- Generated by org.testng.reporters.JUnitReportReporter -->
<testsuite hostname="Amritas-MacBook-Air.local" failures="0" tests="2" name="SeleniumProject.Tests.ErrorValidations" time="16.856" errors="0" timestamp="2024-12-20T19:44:35 EST" skipped="0">
  <testcase classname="SeleniumProject.Tests.ErrorValidations" name="productErrorValidation" time="10.884"/>
  <testcase classname="SeleniumProject.Tests.ErrorValidations" name="LoginErrorValidation" time="5.972"/>
</testsuite> <!-- SeleniumProject.Tests.ErrorValidations -->
